Traceback (most recent call last):
  File "/home/wwen/Genarris_new/Genarris/genarris_master.py", line 580, in <module>
    main()
  File "/home/wwen/Genarris_new/Genarris/genarris_master.py", line 48, in main
    main_process = Genarris(sys.argv[-1])
  File "/home/wwen/Genarris_new/Genarris/genarris_master.py", line 233, in __init__
    getattr(self, procedure)(comm)
  File "/home/wwen/Genarris_new/Genarris/genarris_master.py", line 447, in Pygenarris_Structure_Generation
    run_pygenarris.pygenarris_structure_generation(inst=self.inst, comm=comm)
  File "/home/wwen/Genarris_new/Genarris/generation/run_pygenarris.py", line 166, in pygenarris_structure_generation
    molecule_path = get_molecule_path(inst, sname)
  File "/home/wwen/anaconda/anaconda3/envs/genarris_env/lib/python3.6/site-packages/Genarris_2.0-2.0-py3.6.egg/Genarris/core/instruct.py", line 475, in get_molecule_path
    molecule_path = inst.get_inferred(sname, sname_list, ['molecule_path'] * len(sname_list), type_='file')
  File "/home/wwen/anaconda/anaconda3/envs/genarris_env/lib/python3.6/site-packages/Genarris_2.0-2.0-py3.6.egg/Genarris/core/instruct.py", line 369, in get_inferred
    'following sections: ' + ', '.join(sname_list), 'Or, path didnt exist')
Exception: ('could not find options molecule_path, molecule_path, molecule_path, molecule_path, molecule_path, molecule_path, molecule_path in any of the following sections: pygenarris_structure_generation, estimate_unit_cell_volume, estimate_unit_cell_volume, harris_single_molecule_prep, pygenarris_structure_generation, structure_generation_batch, harris_approximation_batch', 'Or, path didnt exist')
Traceback (most recent call last):
  File "/home/wwen/Genarris_new/Genarris/genarris_master.py", line 580, in <module>
    main()
  File "/home/wwen/Genarris_new/Genarris/genarris_master.py", line 48, in main
    main_process = Genarris(sys.argv[-1])
  File "/home/wwen/Genarris_new/Genarris/genarris_master.py", line 233, in __init__
    getattr(self, procedure)(comm)
  File "/home/wwen/Genarris_new/Genarris/genarris_master.py", line 447, in Pygenarris_Structure_Generation
    run_pygenarris.pygenarris_structure_generation(inst=self.inst, comm=comm)
  File "/home/wwen/Genarris_new/Genarris/generation/run_pygenarris.py", line 166, in pygenarris_structure_generation
    molecule_path = get_molecule_path(inst, sname)
  File "/home/wwen/anaconda/anaconda3/envs/genarris_env/lib/python3.6/site-packages/Genarris_2.0-2.0-py3.6.egg/Genarris/core/instruct.py", line 475, in get_molecule_path
    molecule_path = inst.get_inferred(sname, sname_list, ['molecule_path'] * len(sname_list), type_='file')
  File "/home/wwen/anaconda/anaconda3/envs/genarris_env/lib/python3.6/site-packages/Genarris_2.0-2.0-py3.6.egg/Genarris/core/instruct.py", line 369, in get_inferred
    'following sections: ' + ', '.join(sname_list), 'Or, path didnt exist')
Exception: ('could not find options molecule_path, molecule_path, molecule_path, molecule_path, molecule_path, molecule_path, molecule_path in any of the following sections: pygenarris_structure_generation, estimate_unit_cell_volume, estimate_unit_cell_volume, harris_single_molecule_prep, pygenarris_structure_generation, structure_generation_batch, harris_approximation_batch', 'Or, path didnt exist')
Traceback (most recent call last):
  File "/home/wwen/Genarris_new/Genarris/genarris_master.py", line 580, in <module>
    main()
  File "/home/wwen/Genarris_new/Genarris/genarris_master.py", line 48, in main
    main_process = Genarris(sys.argv[-1])
  File "/home/wwen/Genarris_new/Genarris/genarris_master.py", line 233, in __init__
    getattr(self, procedure)(comm)
  File "/home/wwen/Genarris_new/Genarris/genarris_master.py", line 447, in Pygenarris_Structure_Generation
    run_pygenarris.pygenarris_structure_generation(inst=self.inst, comm=comm)
  File "/home/wwen/Genarris_new/Genarris/generation/run_pygenarris.py", line 166, in pygenarris_structure_generation
    molecule_path = get_molecule_path(inst, sname)
  File "/home/wwen/anaconda/anaconda3/envs/genarris_env/lib/python3.6/site-packages/Genarris_2.0-2.0-py3.6.egg/Genarris/core/instruct.py", line 475, in get_molecule_path
    molecule_path = inst.get_inferred(sname, sname_list, ['molecule_path'] * len(sname_list), type_='file')
  File "/home/wwen/anaconda/anaconda3/envs/genarris_env/lib/python3.6/site-packages/Genarris_2.0-2.0-py3.6.egg/Genarris/core/instruct.py", line 369, in get_inferred
    'following sections: ' + ', '.join(sname_list), 'Or, path didnt exist')
Exception: ('could not find options molecule_path, molecule_path, molecule_path, molecule_path, molecule_path, molecule_path, molecule_path in any of the following sections: pygenarris_structure_generation, estimate_unit_cell_volume, estimate_unit_cell_volume, harris_single_molecule_prep, pygenarris_structure_generation, structure_generation_batch, harris_approximation_batch', 'Or, path didnt exist')
Traceback (most recent call last):
  File "/home/wwen/Genarris_new/Genarris/genarris_master.py", line 580, in <module>
    main()
  File "/home/wwen/Genarris_new/Genarris/genarris_master.py", line 48, in main
    main_process = Genarris(sys.argv[-1])
  File "/home/wwen/Genarris_new/Genarris/genarris_master.py", line 233, in __init__
    getattr(self, procedure)(comm)
  File "/home/wwen/Genarris_new/Genarris/genarris_master.py", line 447, in Pygenarris_Structure_Generation
    run_pygenarris.pygenarris_structure_generation(inst=self.inst, comm=comm)
  File "/home/wwen/Genarris_new/Genarris/generation/run_pygenarris.py", line 166, in pygenarris_structure_generation
    molecule_path = get_molecule_path(inst, sname)
  File "/home/wwen/anaconda/anaconda3/envs/genarris_env/lib/python3.6/site-packages/Genarris_2.0-2.0-py3.6.egg/Genarris/core/instruct.py", line 475, in get_molecule_path
    molecule_path = inst.get_inferred(sname, sname_list, ['molecule_path'] * len(sname_list), type_='file')
  File "/home/wwen/anaconda/anaconda3/envs/genarris_env/lib/python3.6/site-packages/Genarris_2.0-2.0-py3.6.egg/Genarris/core/instruct.py", line 369, in get_inferred
    'following sections: ' + ', '.join(sname_list), 'Or, path didnt exist')
Exception: ('could not find options molecule_path, molecule_path, molecule_path, molecule_path, molecule_path, molecule_path, molecule_path in any of the following sections: pygenarris_structure_generation, estimate_unit_cell_volume, estimate_unit_cell_volume, harris_single_molecule_prep, pygenarris_structure_generation, structure_generation_batch, harris_approximation_batch', 'Or, path didnt exist')
