
  fn.   type   at.   n   l   m
    1 atomic     1   1   0   0
    2 hydro      1   3   0   0
    3 atomic     1   2   0   0
    4 atomic     1   2   1  -1
    5 atomic     1   2   1   0
    6 atomic     1   2   1   1
    7 hydro      1   2   1  -1
    8 hydro      1   2   1   0
    9 hydro      1   2   1   1
   10 hydro      1   3   2  -2
   11 hydro      1   3   2  -1
   12 hydro      1   3   2   0
   13 hydro      1   3   2   1
   14 hydro      1   3   2   2
   15 atomic     2   1   0   0
   16 hydro      2   2   0   0
   17 atomic     2   2   0   0
   18 atomic     2   2   1  -1
   19 atomic     2   2   1   0
   20 atomic     2   2   1   1
   21 hydro      2   2   1  -1
   22 hydro      2   2   1   0
   23 hydro      2   2   1   1
   24 hydro      2   3   2  -2
   25 hydro      2   3   2  -1
   26 hydro      2   3   2   0
   27 hydro      2   3   2   1
   28 hydro      2   3   2   2
   29 atomic     3   1   0   0
   30 hydro      3   2   0   0
   31 hydro      3   2   1  -1
   32 hydro      3   2   1   0
   33 hydro      3   2   1   1
   34 atomic     4   1   0   0
   35 hydro      4   2   0   0
   36 atomic     4   2   0   0
   37 atomic     4   2   1  -1
   38 atomic     4   2   1   0
   39 atomic     4   2   1   1
   40 hydro      4   2   1  -1
   41 hydro      4   2   1   0
   42 hydro      4   2   1   1
   43 hydro      4   3   2  -2
   44 hydro      4   3   2  -1
   45 hydro      4   3   2   0
   46 hydro      4   3   2   1
   47 hydro      4   3   2   2
   48 atomic     5   1   0   0
   49 hydro      5   2   0   0
   50 atomic     5   2   0   0
   51 atomic     5   2   1  -1
   52 atomic     5   2   1   0
   53 atomic     5   2   1   1
   54 hydro      5   2   1  -1
   55 hydro      5   2   1   0
   56 hydro      5   2   1   1
   57 hydro      5   3   2  -2
   58 hydro      5   3   2  -1
   59 hydro      5   3   2   0
   60 hydro      5   3   2   1
   61 hydro      5   3   2   2
   62 atomic     6   1   0   0
   63 hydro      6   2   0   0
   64 hydro      6   2   1  -1
   65 hydro      6   2   1   0
   66 hydro      6   2   1   1
   67 atomic     7   1   0   0
   68 hydro      7   2   0   0
   69 hydro      7   2   1  -1
   70 hydro      7   2   1   0
   71 hydro      7   2   1   1
   72 atomic     8   1   0   0
   73 hydro      8   2   0   0
   74 atomic     8   2   0   0
   75 atomic     8   2   1  -1
   76 atomic     8   2   1   0
   77 atomic     8   2   1   1
   78 hydro      8   2   1  -1
   79 hydro      8   2   1   0
   80 hydro      8   2   1   1
   81 hydro      8   3   2  -2
   82 hydro      8   3   2  -1
   83 hydro      8   3   2   0
   84 hydro      8   3   2   1
   85 hydro      8   3   2   2
   86 atomic     9   1   0   0
   87 hydro      9   2   0   0
   88 hydro      9   2   1  -1
   89 hydro      9   2   1   0
   90 hydro      9   2   1   1
   91 atomic    10   1   0   0
   92 hydro     10   2   0   0
   93 hydro     10   2   1  -1
   94 hydro     10   2   1   0
   95 hydro     10   2   1   1
   96 atomic    11   1   0   0
   97 hydro     11   2   0   0
   98 atomic    11   2   0   0
   99 atomic    11   2   1  -1
  100 atomic    11   2   1   0
  101 atomic    11   2   1   1
  102 hydro     11   2   1  -1
  103 hydro     11   2   1   0
  104 hydro     11   2   1   1
  105 hydro     11   3   2  -2
  106 hydro     11   3   2  -1
  107 hydro     11   3   2   0
  108 hydro     11   3   2   1
  109 hydro     11   3   2   2
  110 atomic    12   1   0   0
  111 hydro     12   2   0   0
  112 atomic    12   2   0   0
  113 atomic    12   2   1  -1
  114 atomic    12   2   1   0
  115 atomic    12   2   1   1
  116 hydro     12   2   1  -1
  117 hydro     12   2   1   0
  118 hydro     12   2   1   1
  119 hydro     12   3   2  -2
  120 hydro     12   3   2  -1
  121 hydro     12   3   2   0
  122 hydro     12   3   2   1
  123 hydro     12   3   2   2
  124 atomic    13   1   0   0
  125 hydro     13   2   0   0
  126 hydro     13   2   1  -1
  127 hydro     13   2   1   0
  128 hydro     13   2   1   1
