
  fn.   type   at.   n   l   m
    1 atomic     1   1   0   0
    2 hydro      1   2   0   0
    3 atomic     1   2   0   0
    4 atomic     1   2   1  -1
    5 atomic     1   2   1   0
    6 atomic     1   2   1   1
    7 hydro      1   2   1  -1
    8 hydro      1   2   1   0
    9 hydro      1   2   1   1
   10 hydro      1   3   2  -2
   11 hydro      1   3   2  -1
   12 hydro      1   3   2   0
   13 hydro      1   3   2   1
   14 hydro      1   3   2   2
   15 atomic     2   1   0   0
   16 hydro      2   2   0   0
   17 atomic     2   2   0   0
   18 atomic     2   2   1  -1
   19 atomic     2   2   1   0
   20 atomic     2   2   1   1
   21 hydro      2   2   1  -1
   22 hydro      2   2   1   0
   23 hydro      2   2   1   1
   24 hydro      2   3   2  -2
   25 hydro      2   3   2  -1
   26 hydro      2   3   2   0
   27 hydro      2   3   2   1
   28 hydro      2   3   2   2
   29 atomic     3   1   0   0
   30 hydro      3   2   0   0
   31 hydro      3   2   1  -1
   32 hydro      3   2   1   0
   33 hydro      3   2   1   1
   34 atomic     4   1   0   0
   35 hydro      4   2   0   0
   36 hydro      4   2   1  -1
   37 hydro      4   2   1   0
   38 hydro      4   2   1   1
   39 atomic     5   1   0   0
   40 hydro      5   3   0   0
   41 atomic     5   2   0   0
   42 atomic     5   2   1  -1
   43 atomic     5   2   1   0
   44 atomic     5   2   1   1
   45 hydro      5   2   1  -1
   46 hydro      5   2   1   0
   47 hydro      5   2   1   1
   48 hydro      5   3   2  -2
   49 hydro      5   3   2  -1
   50 hydro      5   3   2   0
   51 hydro      5   3   2   1
   52 hydro      5   3   2   2
   53 atomic     6   1   0   0
   54 hydro      6   2   0   0
   55 hydro      6   2   1  -1
   56 hydro      6   2   1   0
   57 hydro      6   2   1   1
   58 atomic     7   1   0   0
   59 hydro      7   2   0   0
   60 hydro      7   2   1  -1
   61 hydro      7   2   1   0
   62 hydro      7   2   1   1
   63 atomic     8   1   0   0
   64 hydro      8   2   0   0
   65 hydro      8   2   1  -1
   66 hydro      8   2   1   0
   67 hydro      8   2   1   1
   68 atomic     9   1   0   0
   69 hydro      9   3   0   0
   70 atomic     9   2   0   0
   71 atomic     9   2   1  -1
   72 atomic     9   2   1   0
   73 atomic     9   2   1   1
   74 hydro      9   2   1  -1
   75 hydro      9   2   1   0
   76 hydro      9   2   1   1
   77 hydro      9   3   2  -2
   78 hydro      9   3   2  -1
   79 hydro      9   3   2   0
   80 hydro      9   3   2   1
   81 hydro      9   3   2   2
   82 atomic    10   1   0   0
   83 hydro     10   3   0   0
   84 atomic    10   2   0   0
   85 atomic    10   2   1  -1
   86 atomic    10   2   1   0
   87 atomic    10   2   1   1
   88 hydro     10   2   1  -1
   89 hydro     10   2   1   0
   90 hydro     10   2   1   1
   91 hydro     10   3   2  -2
   92 hydro     10   3   2  -1
   93 hydro     10   3   2   0
   94 hydro     10   3   2   1
   95 hydro     10   3   2   2
