
  fn.   type   at.   n   l   m
    1 atomic     1   1   0   0
    2 atomic     1   2   0   0
    3 ionic      1   3   0   0
    4 atomic     1   3   0   0
    5 atomic     1   2   1  -1
    6 atomic     1   2   1   0
    7 atomic     1   2   1   1
    8 atomic     1   3   1  -1
    9 atomic     1   3   1   0
   10 atomic     1   3   1   1
   11 hydro      1   2   1  -1
   12 hydro      1   2   1   0
   13 hydro      1   2   1   1
   14 ionic      1   3   2  -2
   15 ionic      1   3   2  -1
   16 ionic      1   3   2   0
   17 ionic      1   3   2   1
   18 ionic      1   3   2   2
   19 atomic     2   1   0   0
   20 hydro      2   2   0   0
   21 atomic     2   2   0   0
   22 atomic     2   2   1  -1
   23 atomic     2   2   1   0
   24 atomic     2   2   1   1
   25 hydro      2   2   1  -1
   26 hydro      2   2   1   0
   27 hydro      2   2   1   1
   28 hydro      2   3   2  -2
   29 hydro      2   3   2  -1
   30 hydro      2   3   2   0
   31 hydro      2   3   2   1
   32 hydro      2   3   2   2
   33 atomic     3   1   0   0
   34 hydro      3   2   0   0
   35 atomic     3   2   0   0
   36 atomic     3   2   1  -1
   37 atomic     3   2   1   0
   38 atomic     3   2   1   1
   39 hydro      3   2   1  -1
   40 hydro      3   2   1   0
   41 hydro      3   2   1   1
   42 hydro      3   3   2  -2
   43 hydro      3   3   2  -1
   44 hydro      3   3   2   0
   45 hydro      3   3   2   1
   46 hydro      3   3   2   2
   47 atomic     4   1   0   0
   48 atomic     4   2   0   0
   49 ionic      4   3   0   0
   50 atomic     4   3   0   0
   51 atomic     4   2   1  -1
   52 atomic     4   2   1   0
   53 atomic     4   2   1   1
   54 atomic     4   3   1  -1
   55 atomic     4   3   1   0
   56 atomic     4   3   1   1
   57 hydro      4   2   1  -1
   58 hydro      4   2   1   0
   59 hydro      4   2   1   1
   60 ionic      4   3   2  -2
   61 ionic      4   3   2  -1
   62 ionic      4   3   2   0
   63 ionic      4   3   2   1
   64 ionic      4   3   2   2
   65 atomic     5   1   0   0
   66 hydro      5   2   0   0
   67 atomic     5   2   0   0
   68 atomic     5   2   1  -1
   69 atomic     5   2   1   0
   70 atomic     5   2   1   1
   71 hydro      5   2   1  -1
   72 hydro      5   2   1   0
   73 hydro      5   2   1   1
   74 hydro      5   3   2  -2
   75 hydro      5   3   2  -1
   76 hydro      5   3   2   0
   77 hydro      5   3   2   1
   78 hydro      5   3   2   2
   79 atomic     6   1   0   0
   80 hydro      6   2   0   0
   81 atomic     6   2   0   0
   82 atomic     6   2   1  -1
   83 atomic     6   2   1   0
   84 atomic     6   2   1   1
   85 hydro      6   2   1  -1
   86 hydro      6   2   1   0
   87 hydro      6   2   1   1
   88 hydro      6   3   2  -2
   89 hydro      6   3   2  -1
   90 hydro      6   3   2   0
   91 hydro      6   3   2   1
   92 hydro      6   3   2   2
   93 atomic     7   1   0   0
   94 hydro      7   2   0   0
   95 atomic     7   2   0   0
   96 atomic     7   2   1  -1
   97 atomic     7   2   1   0
   98 atomic     7   2   1   1
   99 hydro      7   2   1  -1
  100 hydro      7   2   1   0
  101 hydro      7   2   1   1
  102 hydro      7   3   2  -2
  103 hydro      7   3   2  -1
  104 hydro      7   3   2   0
  105 hydro      7   3   2   1
  106 hydro      7   3   2   2
  107 atomic     8   1   0   0
  108 hydro      8   2   0   0
  109 atomic     8   2   0   0
  110 atomic     8   2   1  -1
  111 atomic     8   2   1   0
  112 atomic     8   2   1   1
  113 hydro      8   2   1  -1
  114 hydro      8   2   1   0
  115 hydro      8   2   1   1
  116 hydro      8   3   2  -2
  117 hydro      8   3   2  -1
  118 hydro      8   3   2   0
  119 hydro      8   3   2   1
  120 hydro      8   3   2   2
  121 atomic     9   1   0   0
  122 hydro      9   3   0   0
  123 atomic     9   2   0   0
  124 atomic     9   2   1  -1
  125 atomic     9   2   1   0
  126 atomic     9   2   1   1
  127 hydro      9   2   1  -1
  128 hydro      9   2   1   0
  129 hydro      9   2   1   1
  130 hydro      9   3   2  -2
  131 hydro      9   3   2  -1
  132 hydro      9   3   2   0
  133 hydro      9   3   2   1
  134 hydro      9   3   2   2
  135 atomic    10   1   0   0
  136 hydro     10   3   0   0
  137 atomic    10   2   0   0
  138 atomic    10   2   1  -1
  139 atomic    10   2   1   0
  140 atomic    10   2   1   1
  141 hydro     10   2   1  -1
  142 hydro     10   2   1   0
  143 hydro     10   2   1   1
  144 hydro     10   3   2  -2
  145 hydro     10   3   2  -1
  146 hydro     10   3   2   0
  147 hydro     10   3   2   1
  148 hydro     10   3   2   2
  149 atomic    11   1   0   0
  150 hydro     11   2   0   0
  151 atomic    11   2   0   0
  152 atomic    11   2   1  -1
  153 atomic    11   2   1   0
  154 atomic    11   2   1   1
  155 hydro     11   2   1  -1
  156 hydro     11   2   1   0
  157 hydro     11   2   1   1
  158 hydro     11   3   2  -2
  159 hydro     11   3   2  -1
  160 hydro     11   3   2   0
  161 hydro     11   3   2   1
  162 hydro     11   3   2   2
  163 atomic    12   1   0   0
  164 hydro     12   2   0   0
  165 atomic    12   2   0   0
  166 atomic    12   2   1  -1
  167 atomic    12   2   1   0
  168 atomic    12   2   1   1
  169 hydro     12   2   1  -1
  170 hydro     12   2   1   0
  171 hydro     12   2   1   1
  172 hydro     12   3   2  -2
  173 hydro     12   3   2  -1
  174 hydro     12   3   2   0
  175 hydro     12   3   2   1
  176 hydro     12   3   2   2
  177 atomic    13   1   0   0
  178 hydro     13   3   0   0
  179 atomic    13   2   0   0
  180 atomic    13   2   1  -1
  181 atomic    13   2   1   0
  182 atomic    13   2   1   1
  183 hydro     13   2   1  -1
  184 hydro     13   2   1   0
  185 hydro     13   2   1   1
  186 hydro     13   3   2  -2
  187 hydro     13   3   2  -1
  188 hydro     13   3   2   0
  189 hydro     13   3   2   1
  190 hydro     13   3   2   2
  191 atomic    14   1   0   0
  192 hydro     14   3   0   0
  193 atomic    14   2   0   0
  194 atomic    14   2   1  -1
  195 atomic    14   2   1   0
  196 atomic    14   2   1   1
  197 hydro     14   2   1  -1
  198 hydro     14   2   1   0
  199 hydro     14   2   1   1
  200 hydro     14   3   2  -2
  201 hydro     14   3   2  -1
  202 hydro     14   3   2   0
  203 hydro     14   3   2   1
  204 hydro     14   3   2   2
  205 atomic    15   1   0   0
  206 atomic    15   2   0   0
  207 ionic     15   3   0   0
  208 atomic    15   3   0   0
  209 atomic    15   2   1  -1
  210 atomic    15   2   1   0
  211 atomic    15   2   1   1
  212 atomic    15   3   1  -1
  213 atomic    15   3   1   0
  214 atomic    15   3   1   1
  215 hydro     15   2   1  -1
  216 hydro     15   2   1   0
  217 hydro     15   2   1   1
  218 ionic     15   3   2  -2
  219 ionic     15   3   2  -1
  220 ionic     15   3   2   0
  221 ionic     15   3   2   1
  222 ionic     15   3   2   2
